<?xml version="1.0" encoding="UTF-8"?>
<!-- Generated by org.testng.reporters.JUnitReportReporter -->
<testsuite hostname="DESKTOP-81DQ3B8" failures="0" tests="1" name="com.sr.tests.DemoTest" time="5.940" errors="0" timestamp="2023-12-20T12:27:34 IST" skipped="0">
  <testcase classname="com.sr.tests.DemoTest" name="testLogin" time="5.940"/>
  <system-out/>
</testsuite> <!-- com.sr.tests.DemoTest -->
